#
# A fatal error has been detected by the Java Runtime Environment:
#
#  EXCEPTION_ACCESS_VIOLATION (0xc0000005) at pc=0x6c1f21f4, pid=3628, tid=0x000042e0
#
# JRE version: Java(TM) SE Runtime Environment (8.0_111-b14) (build 1.8.0_111-b14)
# Java VM: Java HotSpot(TM) Client VM (25.111-b14 mixed mode windows-x86 )
# Problematic frame:
# C  [msvcr100.dll+0x121f4]
#
# Failed to write core dump. Minidumps are not enabled by default on client versions of Windows
#
# If you would like to submit a bug report, please visit:
#   http://bugreport.java.com/bugreport/crash.jsp
# The crash happened outside the Java Virtual Machine in native code.
# See problematic frame for where to report the bug.
#

---------------  T H R E A D  ---------------

Current thread (0x27ee7000):  JavaThread "Swing-Shell" daemon [_thread_in_native, id=17120, stack(0x296f0000,0x29740000)]

siginfo: ExceptionCode=0xc0000005, reading address 0x00000000

Registers:
EAX=0x00000000, EBX=0x294de640, ECX=0xa954b856, EDX=0x00040510
ESP=0x2973f430, EBP=0x2973f430, ESI=0x2973f450, EDI=0x27ee7140
EIP=0x6c1f21f4, EFLAGS=0x00010246

Top of Stack: (sp=0x2973f430)
0x2973f430:   2973f558 6cc19b11 00000000 294de640
0x2973f440:   6cc1a2c8 000f7c00 27ee7000 294de640
0x2973f450:   00000000 00000000 820bb09c 27e794a0
0x2973f460:   27ee7000 27ddda50 00000024 00000001
0x2973f470:   00000000 00000000 00000000 00000000
0x2973f480:   00000000 2973f4b8 5b6c7383 27ee7000
0x2973f490:   acd2e587 27e794a0 27ee7000 27ddda50
0x2973f4a0:   2973f490 27c79ad8 2973f84c 5b97ef3a 

Instructions: (pc=0x6c1f21f4)
0x6c1f21d4:   48 29 6c 00 0f 84 bd 20 00 00 6a 00 ff 75 08 e8
0x6c1f21e4:   8a 22 00 00 59 59 5d c3 8b ff 55 8b ec 8b 45 08
0x6c1f21f4:   66 8b 08 83 c0 02 66 85 c9 75 f5 2b 45 08 d1 f8
0x6c1f2204:   48 5d c3 8b ff 55 8b ec 51 53 56 8b 75 08 f6 46 


Register to memory mapping:

EAX=0x00000000 is an unknown value
EBX={method} {0x294de644} 'getDisplayNameOf' '(JJI)Ljava/lang/String;' in 'sun/awt/shell/Win32ShellFolder2'
ECX=0xa954b856 is an unknown value
EDX=0x00040510 is an unknown value
ESP=0x2973f430 is pointing into the stack for thread: 0x27ee7000
EBP=0x2973f430 is pointing into the stack for thread: 0x27ee7000
ESI=0x2973f450 is pointing into the stack for thread: 0x27ee7000
EDI=0x27ee7140 is an unknown value


Stack: [0x296f0000,0x29740000],  sp=0x2973f430,  free space=317k
Native frames: (J=compiled Java code, j=interpreted, Vv=VM code, C=native code)
C  [msvcr100.dll+0x121f4]
C  [awt.dll+0x59b11]
j  sun.awt.shell.Win32ShellFolder2.getDisplayNameOf(JJI)Ljava/lang/String;+0
j  sun.awt.shell.Win32ShellFolder2.access$1600(JJI)Ljava/lang/String;+4
j  sun.awt.shell.Win32ShellFolder2$13.call()Ljava/lang/String;+15
j  sun.awt.shell.Win32ShellFolder2$13.call()Ljava/lang/Object;+1
j  java.util.concurrent.FutureTask.run()V+42
j  java.util.concurrent.ThreadPoolExecutor.runWorker(Ljava/util/concurrent/ThreadPoolExecutor$Worker;)V+95
j  java.util.concurrent.ThreadPoolExecutor$Worker.run()V+5
j  sun.awt.shell.Win32ShellFolderManager2$ComInvoker$3.run()V+7
j  java.lang.Thread.run()V+11
v  ~StubRoutines::call_stub
V  [jvm.dll+0x15a895]
V  [jvm.dll+0x220bfe]
V  [jvm.dll+0x15a92e]
V  [jvm.dll+0x15aab6]
V  [jvm.dll+0x15ab27]
V  [jvm.dll+0xfef8f]
V  [jvm.dll+0x17d6f0]
V  [jvm.dll+0x17df6a]
V  [jvm.dll+0x1c29c6]
C  [msvcr100.dll+0x5c556]
C  [msvcr100.dll+0x5c600]
C  [KERNEL32.DLL+0x18744]
C  [ntdll.dll+0x6587d]
C  [ntdll.dll+0x6584d]
C  0x00000000

Java frames: (J=compiled Java code, j=interpreted, Vv=VM code)
j  sun.awt.shell.Win32ShellFolder2.getDisplayNameOf(JJI)Ljava/lang/String;+0
j  sun.awt.shell.Win32ShellFolder2.access$1600(JJI)Ljava/lang/String;+4
j  sun.awt.shell.Win32ShellFolder2$13.call()Ljava/lang/String;+15
j  sun.awt.shell.Win32ShellFolder2$13.call()Ljava/lang/Object;+1
j  java.util.concurrent.FutureTask.run()V+42
j  java.util.concurrent.ThreadPoolExecutor.runWorker(Ljava/util/concurrent/ThreadPoolExecutor$Worker;)V+95
j  java.util.concurrent.ThreadPoolExecutor$Worker.run()V+5
j  sun.awt.shell.Win32ShellFolderManager2$ComInvoker$3.run()V+7
j  java.lang.Thread.run()V+11
v  ~StubRoutines::call_stub

---------------  P R O C E S S  ---------------

Java Threads: ( => current thread )
=>0x27ee7000 JavaThread "Swing-Shell" daemon [_thread_in_native, id=17120, stack(0x296f0000,0x29740000)]
  0x27ee5800 JavaThread "Image Fetcher 0" daemon [_thread_blocked, id=19408, stack(0x29220000,0x29270000)]
  0x27ee5000 JavaThread "DestroyJavaVM" [_thread_blocked, id=6980, stack(0x028d0000,0x02920000)]
  0x27927000 JavaThread "TimerQueue" daemon [_thread_blocked, id=18048, stack(0x02670000,0x026c0000)]
  0x27925000 JavaThread "AWT-EventQueue-0" [_thread_blocked, id=18396, stack(0x27680000,0x276d0000)]
  0x25f75c00 JavaThread "AWT-Shutdown" [_thread_blocked, id=9544, stack(0x02960000,0x029b0000)]
  0x27927c00 JavaThread "Batik CleanerThread" daemon [_thread_blocked, id=17584, stack(0x29190000,0x291e0000)]
  0x27926000 JavaThread "Timer-0" [_thread_blocked, id=2332, stack(0x28d40000,0x28d90000)]
  0x27924000 JavaThread "JmDNS(philip-HP.local.).State.Timer" daemon [_thread_blocked, id=13160, stack(0x28cb0000,0x28d00000)]
  0x2792b800 JavaThread "JmDNS(philip-HP.local.).Timer" daemon [_thread_blocked, id=18516, stack(0x28c20000,0x28c70000)]
  0x27927800 JavaThread "SocketListener(philip-HP.local.)" daemon [_thread_in_native, id=14352, stack(0x28b90000,0x28be0000)]
  0x27926c00 JavaThread "JmDNS(philip-HP.local.).State.Timer" daemon [_thread_blocked, id=15752, stack(0x28b00000,0x28b50000)]
  0x2792b000 JavaThread "JmDNS(philip-HP.local.).Timer" daemon [_thread_blocked, id=13900, stack(0x28a70000,0x28ac0000)]
  0x27929c00 JavaThread "SocketListener(philip-HP.local.)" daemon [_thread_in_native, id=3152, stack(0x26d00000,0x26d50000)]
  0x27926400 JavaThread "JmDNS(philip-HP.local.).State.Timer" daemon [_thread_blocked, id=11964, stack(0x289e0000,0x28a30000)]
  0x27925800 JavaThread "JmDNS(philip-HP.local.).Timer" daemon [_thread_blocked, id=18536, stack(0x28950000,0x289a0000)]
  0x27929800 JavaThread "SocketListener(philip-HP.local.)" daemon [_thread_in_native, id=19088, stack(0x288c0000,0x28910000)]
  0x27929000 JavaThread "JmDNS(philip-HP.local.).State.Timer" daemon [_thread_blocked, id=19012, stack(0x286a0000,0x286f0000)]
  0x27924c00 JavaThread "JmDNS(philip-HP.local.).Timer" daemon [_thread_blocked, id=7416, stack(0x28610000,0x28660000)]
  0x27928400 JavaThread "SocketListener(philip-HP.local.)" daemon [_thread_in_native, id=17824, stack(0x28540000,0x28590000)]
  0x27924400 JavaThread "Multihomed mDNS.Timer" daemon [_thread_blocked, id=19424, stack(0x283b0000,0x28400000)]
  0x2792a400 JavaThread "cc.arduino.packages.discoverers.serial.SerialBoardsLister" [_thread_blocked, id=5412, stack(0x28320000,0x28370000)]
  0x25f76000 JavaThread "AWT-Windows" daemon [_thread_in_native, id=17656, stack(0x26d90000,0x26de0000)]
  0x25f75000 JavaThread "Java2D Disposer" daemon [_thread_blocked, id=17552, stack(0x26c70000,0x26cc0000)]
  0x25f78800 JavaThread "Service Thread" daemon [_thread_blocked, id=8196, stack(0x26500000,0x26550000)]
  0x25fa3000 JavaThread "C1 CompilerThread0" daemon [_thread_blocked, id=9244, stack(0x26470000,0x264c0000)]
  0x25f76c00 JavaThread "Attach Listener" daemon [_thread_blocked, id=14832, stack(0x263e0000,0x26430000)]
  0x25f78000 JavaThread "Signal Dispatcher" daemon [_thread_blocked, id=18792, stack(0x26350000,0x263a0000)]
  0x25f76800 JavaThread "Finalizer" daemon [_thread_blocked, id=1180, stack(0x261b0000,0x26200000)]
  0x25f77c00 JavaThread "Reference Handler" daemon [_thread_blocked, id=6320, stack(0x25320000,0x25370000)]

Other Threads:
  0x0281d800 VMThread [stack: 0x25290000,0x252e0000] [id=17272]
  0x25fd4800 WatcherThread [stack: 0x26590000,0x265e0000] [id=15432]

VM state:not at safepoint (normal execution)

VM Mutex/Monitor currently owned by a thread: None

Heap:
 def new generation   total 39424K, used 1457K [0x04c00000, 0x076c0000, 0x0f6a0000)
  eden space 35072K,   4% used [0x04c00000, 0x04d6c5a8, 0x06e40000)
  from space 4352K,   0% used [0x06e40000, 0x06e40000, 0x07280000)
  to   space 4352K,   0% used [0x07280000, 0x07280000, 0x076c0000)
 tenured generation   total 87424K, used 26657K [0x0f6a0000, 0x14c00000, 0x24c00000)
   the space 87424K,  30% used [0x0f6a0000, 0x110a86b0, 0x110a8800, 0x14c00000)
 Metaspace       used 20227K, capacity 20705K, committed 20992K, reserved 21888K

Card table byte_map: [0x04a70000,0x04b80000] byte_map_base: 0x04a4a000

Polling page: 0x025f0000

CodeCache: size=32768Kb used=2655Kb max_used=4258Kb free=30112Kb
 bounds [0x029f0000, 0x02e20000, 0x049f0000]
 total_blobs=1586 nmethods=1307 adapters=208
 compilation: enabled

Compilation events (10 events):
Event: 4301.152 Thread 0x25fa3000 3138             java.util.concurrent.locks.ReentrantLock$NonfairSync::tryAcquire (6 bytes)
Event: 4301.152 Thread 0x25fa3000 nmethod 3138 0x02d5e388 code [0x02d5e480, 0x02d5e50c]
Event: 4301.249 Thread 0x25fa3000 3139             java.util.concurrent.FutureTask::awaitDone (171 bytes)
Event: 4301.249 Thread 0x25fa3000 nmethod 3139 0x02d5dac8 code [0x02d5dc30, 0x02d5e0b4]
Event: 4301.442 Thread 0x25fa3000 3140   !         sun.awt.shell.Win32ShellFolder2::getIShellFolder (50 bytes)
Event: 4301.442 Thread 0x25fa3000 nmethod 3140 0x02d5d6c8 code [0x02d5d7d0, 0x02d5d95c]
Event: 4301.442 Thread 0x25fa3000 3141             java.util.concurrent.ThreadPoolExecutor::workerCountOf (5 bytes)
Event: 4301.442 Thread 0x25fa3000 nmethod 3141 0x02d5d508 code [0x02d5d600, 0x02d5d670]
Event: 4301.472 Thread 0x25fa3000 3142             java.util.concurrent.locks.LockSupport::unpark (12 bytes)
Event: 4301.473 Thread 0x25fa3000 nmethod 3142 0x02d5d308 code [0x02d5d400, 0x02d5d48c]

GC Heap History (10 events):
Event: 77.311 GC heap before
{Heap before GC invocations=5 (full 1):
 def new generation   total 39424K, used 39424K [0x04c00000, 0x076c0000, 0x0f6a0000)
  eden space 35072K, 100% used [0x04c00000, 0x06e40000, 0x06e40000)
  from space 4352K, 100% used [0x06e40000, 0x07280000, 0x07280000)
  to   space 4352K,   0% used [0x07280000, 0x07280000, 0x076c0000)
 tenured generation   total 87424K, used 24598K [0x0f6a0000, 0x14c00000, 0x24c00000)
   the space 87424K,  28% used [0x0f6a0000, 0x10ea5830, 0x10ea5a00, 0x14c00000)
 Metaspace       used 19592K, capacity 20090K, committed 20096K, reserved 20864K
Event: 77.341 GC heap after
Heap after GC invocations=6 (full 1):
 def new generation   total 39424K, used 4074K [0x04c00000, 0x076c0000, 0x0f6a0000)
  eden space 35072K,   0% used [0x04c00000, 0x04c00000, 0x06e40000)
  from space 4352K,  93% used [0x07280000, 0x0767ab18, 0x076c0000)
  to   space 4352K,   0% used [0x06e40000, 0x06e40000, 0x07280000)
 tenured generation   total 87424K, used 27985K [0x0f6a0000, 0x14c00000, 0x24c00000)
   the space 87424K,  32% used [0x0f6a0000, 0x111f47f8, 0x111f4800, 0x14c00000)
 Metaspace       used 19592K, capacity 20090K, committed 20096K, reserved 20864K
}
Event: 422.071 GC heap before
{Heap before GC invocations=6 (full 1):
 def new generation   total 39424K, used 39146K [0x04c00000, 0x076c0000, 0x0f6a0000)
  eden space 35072K, 100% used [0x04c00000, 0x06e40000, 0x06e40000)
  from space 4352K,  93% used [0x07280000, 0x0767ab18, 0x076c0000)
  to   space 4352K,   0% used [0x06e40000, 0x06e40000, 0x07280000)
 tenured generation   total 87424K, used 27985K [0x0f6a0000, 0x14c00000, 0x24c00000)
   the space 87424K,  32% used [0x0f6a0000, 0x111f47f8, 0x111f4800, 0x14c00000)
 Metaspace       used 19749K, capacity 20235K, committed 20352K, reserved 20864K
Event: 422.082 GC heap after
Heap after GC invocations=7 (full 1):
 def new generation   total 39424K, used 1483K [0x04c00000, 0x076c0000, 0x0f6a0000)
  eden space 35072K,   0% used [0x04c00000, 0x04c00000, 0x06e40000)
  from space 4352K,  34% used [0x06e40000, 0x06fb2e60, 0x07280000)
  to   space 4352K,   0% used [0x07280000, 0x07280000, 0x076c0000)
 tenured generation   total 87424K, used 30417K [0x0f6a0000, 0x14c00000, 0x24c00000)
   the space 87424K,  34% used [0x0f6a0000, 0x114547e0, 0x11454800, 0x14c00000)
 Metaspace       used 19749K, capacity 20235K, committed 20352K, reserved 20864K
}
Event: 495.114 GC heap before
{Heap before GC invocations=7 (full 1):
 def new generation   total 39424K, used 36555K [0x04c00000, 0x076c0000, 0x0f6a0000)
  eden space 35072K, 100% used [0x04c00000, 0x06e40000, 0x06e40000)
  from space 4352K,  34% used [0x06e40000, 0x06fb2e60, 0x07280000)
  to   space 4352K,   0% used [0x07280000, 0x07280000, 0x076c0000)
 tenured generation   total 87424K, used 30417K [0x0f6a0000, 0x14c00000, 0x24c00000)
   the space 87424K,  34% used [0x0f6a0000, 0x114547e0, 0x11454800, 0x14c00000)
 Metaspace       used 19791K, capacity 20302K, committed 20352K, reserved 20864K
Event: 495.120 GC heap after
Heap after GC invocations=8 (full 1):
 def new generation   total 39424K, used 2422K [0x04c00000, 0x076c0000, 0x0f6a0000)
  eden space 35072K,   0% used [0x04c00000, 0x04c00000, 0x06e40000)
  from space 4352K,  55% used [0x07280000, 0x074dda38, 0x076c0000)
  to   space 4352K,   0% used [0x06e40000, 0x06e40000, 0x07280000)
 tenured generation   total 87424K, used 30417K [0x0f6a0000, 0x14c00000, 0x24c00000)
   the space 87424K,  34% used [0x0f6a0000, 0x114547e0, 0x11454800, 0x14c00000)
 Metaspace       used 19791K, capacity 20302K, committed 20352K, reserved 20864K
}
Event: 4291.068 GC heap before
{Heap before GC invocations=8 (full 1):
 def new generation   total 39424K, used 37494K [0x04c00000, 0x076c0000, 0x0f6a0000)
  eden space 35072K, 100% used [0x04c00000, 0x06e40000, 0x06e40000)
  from space 4352K,  55% used [0x07280000, 0x074dda38, 0x076c0000)
  to   space 4352K,   0% used [0x06e40000, 0x06e40000, 0x07280000)
 tenured generation   total 87424K, used 30417K [0x0f6a0000, 0x14c00000, 0x24c00000)
   the space 87424K,  34% used [0x0f6a0000, 0x114547e0, 0x11454800, 0x14c00000)
 Metaspace       used 19792K, capacity 20304K, committed 20352K, reserved 20864K
Event: 4291.125 GC heap after
Heap after GC invocations=9 (full 1):
 def new generation   total 39424K, used 1366K [0x04c00000, 0x076c0000, 0x0f6a0000)
  eden space 35072K,   0% used [0x04c00000, 0x04c00000, 0x06e40000)
  from space 4352K,  31% used [0x06e40000, 0x06f958e8, 0x07280000)
  to   space 4352K,   0% used [0x07280000, 0x07280000, 0x076c0000)
 tenured generation   total 87424K, used 30793K [0x0f6a0000, 0x14c00000, 0x24c00000)
   the space 87424K,  35% used [0x0f6a0000, 0x114b26f8, 0x114b2800, 0x14c00000)
 Metaspace       used 19792K, capacity 20304K, committed 20352K, reserved 20864K
}
Event: 4300.684 GC heap before
{Heap before GC invocations=9 (full 1):
 def new generation   total 39424K, used 4818K [0x04c00000, 0x076c0000, 0x0f6a0000)
  eden space 35072K,   9% used [0x04c00000, 0x04f5f0b0, 0x06e40000)
  from space 4352K,  31% used [0x06e40000, 0x06f958e8, 0x07280000)
  to   space 4352K,   0% used [0x07280000, 0x07280000, 0x076c0000)
 tenured generation   total 87424K, used 30793K [0x0f6a0000, 0x14c00000, 0x24c00000)
   the space 87424K,  35% used [0x0f6a0000, 0x114b26f8, 0x114b2800, 0x14c00000)
 Metaspace       used 19978K, capacity 20464K, committed 20480K, reserved 20864K
Event: 4300.797 GC heap after
Heap after GC invocations=10 (full 2):
 def new generation   total 39424K, used 0K [0x04c00000, 0x076c0000, 0x0f6a0000)
  eden space 35072K,   0% used [0x04c00000, 0x04c00000, 0x06e40000)
  from space 4352K,   0% used [0x06e40000, 0x06e40000, 0x07280000)
  to   space 4352K,   0% used [0x07280000, 0x07280000, 0x076c0000)
 tenured generation   total 87424K, used 26657K [0x0f6a0000, 0x14c00000, 0x24c00000)
   the space 87424K,  30% used [0x0f6a0000, 0x110a86b0, 0x110a8800, 0x14c00000)
 Metaspace       used 19829K, capacity 20272K, committed 20480K, reserved 20864K
}

Deoptimization events (0 events):
No events

Internal exceptions (10 events):
Event: 117.994 Thread 0x27ee3800 Exception <a 'java/io/IOException'> (0x05738b78) thrown at [C:\re\workspace\8-2-build-windows-i586-cygwin\jdk8u111\7883\hotspot\src\share\vm\prims\jni.cpp, line 709]
Event: 117.995 Thread 0x27ee3800 Exception <a 'java/io/IOException'> (0x057396d8) thrown at [C:\re\workspace\8-2-build-windows-i586-cygwin\jdk8u111\7883\hotspot\src\share\vm\prims\jni.cpp, line 709]
Event: 117.995 Thread 0x27ee3800 Exception <a 'java/io/IOException'> (0x05739a60) thrown at [C:\re\workspace\8-2-build-windows-i586-cygwin\jdk8u111\7883\hotspot\src\share\vm\prims\jni.cpp, line 709]
Event: 117.995 Thread 0x27ee3800 Exception <a 'java/io/IOException'> (0x05739ca8) thrown at [C:\re\workspace\8-2-build-windows-i586-cygwin\jdk8u111\7883\hotspot\src\share\vm\prims\jni.cpp, line 709]
Event: 118.113 Thread 0x27ee3800 Exception <a 'java/io/IOException'> (0x0573a620) thrown at [C:\re\workspace\8-2-build-windows-i586-cygwin\jdk8u111\7883\hotspot\src\share\vm\prims\jni.cpp, line 709]
Event: 118.114 Thread 0x27ee3800 Exception <a 'java/io/IOException'> (0x0573a9e0) thrown at [C:\re\workspace\8-2-build-windows-i586-cygwin\jdk8u111\7883\hotspot\src\share\vm\prims\jni.cpp, line 709]
Event: 118.114 Thread 0x27ee3800 Exception <a 'java/io/IOException'> (0x0573ac28) thrown at [C:\re\workspace\8-2-build-windows-i586-cygwin\jdk8u111\7883\hotspot\src\share\vm\prims\jni.cpp, line 709]
Event: 118.128 Thread 0x27ee3400 Exception <a 'java/io/IOException'> (0x05720a68) thrown at [C:\re\workspace\8-2-build-windows-i586-cygwin\jdk8u111\7883\hotspot\src\share\vm\prims\jni.cpp, line 709]
Event: 118.129 Thread 0x27ee3400 Exception <a 'java/io/IOException'> (0x05720dc8) thrown at [C:\re\workspace\8-2-build-windows-i586-cygwin\jdk8u111\7883\hotspot\src\share\vm\prims\jni.cpp, line 709]
Event: 118.129 Thread 0x27ee3400 Exception <a 'java/io/IOException'> (0x05721010) thrown at [C:\re\workspace\8-2-build-windows-i586-cygwin\jdk8u111\7883\hotspot\src\share\vm\prims\jni.cpp, line 709]

Events (10 events):
Event: 4300.936 loading class sun/awt/shell/Win32ShellFolder2$9
Event: 4300.936 loading class sun/awt/shell/Win32ShellFolder2$9 done
Event: 4300.937 loading class sun/awt/shell/Win32ShellFolder2$5
Event: 4300.937 loading class sun/awt/shell/Win32ShellFolder2$5 done
Event: 4301.077 loading class sun/awt/shell/Win32ShellFolder2$18
Event: 4301.078 loading class sun/awt/shell/Win32ShellFolder2$18 done
Event: 4301.078 loading class sun/awt/shell/Win32ShellFolder2$ColumnComparator$1
Event: 4301.078 loading class sun/awt/shell/Win32ShellFolder2$ColumnComparator$1 done
Event: 4301.083 loading class sun/awt/shell/Win32ShellFolder2$11
Event: 4301.083 loading class sun/awt/shell/Win32ShellFolder2$11 done


Dynamic libraries:
0x00d70000 - 0x00da3000 	C:\Program Files (x86)\Arduino\java\bin\javaw.exe
0x77980000 - 0x77b0e000 	C:\WINDOWS\SYSTEM32\ntdll.dll
0x74460000 - 0x74530000 	C:\WINDOWS\System32\KERNEL32.DLL
0x75620000 - 0x757e2000 	C:\WINDOWS\System32\KERNELBASE.dll
0x76f50000 - 0x76fc7000 	C:\WINDOWS\System32\ADVAPI32.dll
0x74ce0000 - 0x74d9d000 	C:\WINDOWS\System32\msvcrt.dll
0x758e0000 - 0x75921000 	C:\WINDOWS\System32\sechost.dll
0x759c0000 - 0x75a80000 	C:\WINDOWS\System32\RPCRT4.dll
0x74430000 - 0x74450000 	C:\WINDOWS\System32\SspiCli.dll
0x74420000 - 0x7442a000 	C:\WINDOWS\System32\CRYPTBASE.dll
0x75280000 - 0x752d7000 	C:\WINDOWS\System32\bcryptPrimitives.dll
0x75480000 - 0x755bc000 	C:\WINDOWS\System32\USER32.dll
0x75260000 - 0x75276000 	C:\WINDOWS\System32\win32u.dll
0x757f0000 - 0x75811000 	C:\WINDOWS\System32\GDI32.dll
0x75a80000 - 0x75bd9000 	C:\WINDOWS\System32\gdi32full.dll
0x74db0000 - 0x74e29000 	C:\WINDOWS\System32\msvcp_win.dll
0x745d0000 - 0x746e8000 	C:\WINDOWS\System32\ucrtbase.dll
0x71f60000 - 0x7216e000 	C:\WINDOWS\WinSxS\x86_microsoft.windows.common-controls_6595b64144ccf1df_6.0.15063.0_none_583b8639f462029f\COMCTL32.dll
0x75020000 - 0x75258000 	C:\WINDOWS\System32\combase.dll
0x74730000 - 0x74755000 	C:\WINDOWS\System32\IMM32.DLL
0x6c1e0000 - 0x6c29f000 	C:\Program Files (x86)\Arduino\java\bin\msvcr100.dll
0x5b6c0000 - 0x5ba8d000 	C:\Program Files (x86)\Arduino\java\bin\client\jvm.dll
0x76f40000 - 0x76f46000 	C:\WINDOWS\System32\PSAPI.DLL
0x71a90000 - 0x71ab4000 	C:\WINDOWS\SYSTEM32\WINMM.dll
0x72460000 - 0x72468000 	C:\WINDOWS\SYSTEM32\WSOCK32.dll
0x74360000 - 0x74368000 	C:\WINDOWS\SYSTEM32\VERSION.dll
0x753b0000 - 0x75417000 	C:\WINDOWS\System32\WS2_32.dll
0x71a40000 - 0x71a63000 	C:\WINDOWS\SYSTEM32\winmmbase.dll
0x746f0000 - 0x74729000 	C:\WINDOWS\System32\cfgmgr32.dll
0x6c6f0000 - 0x6c721000 	C:\Program Files (x86)\Arduino\java\bin\splashscreen.dll
0x6c6e0000 - 0x6c6ec000 	C:\Program Files (x86)\Arduino\java\bin\verify.dll
0x715f0000 - 0x71668000 	C:\WINDOWS\system32\uxtheme.dll
0x6c6b0000 - 0x6c6d1000 	C:\Program Files (x86)\Arduino\java\bin\java.dll
0x748a0000 - 0x749e6000 	C:\WINDOWS\System32\MSCTF.dll
0x752f0000 - 0x75386000 	C:\WINDOWS\System32\OLEAUT32.dll
0x6c1c0000 - 0x6c1d3000 	C:\Program Files (x86)\Arduino\java\bin\zip.dll
0x752e0000 - 0x752ee000 	C:\WINDOWS\System32\kernel.appcore.dll
0x6c570000 - 0x6c5d7000 	C:\WINDOWS\System32\TextInputFramework.dll
0x6c2b0000 - 0x6c4d7000 	C:\WINDOWS\System32\CoreUIComponents.dll
0x6c4e0000 - 0x6c56f000 	C:\WINDOWS\System32\CoreMessaging.dll
0x75840000 - 0x758cc000 	C:\WINDOWS\System32\SHCORE.dll
0x74330000 - 0x74358000 	C:\WINDOWS\SYSTEM32\ntmarta.dll
0x6e130000 - 0x6e201000 	C:\WINDOWS\SYSTEM32\wintypes.dll
0x6c2a0000 - 0x6c2b0000 	C:\WINDOWS\SYSTEM32\usermgrcli.dll
0x71960000 - 0x71983000 	C:\WINDOWS\system32\dwmapi.dll
0x75be0000 - 0x76f28000 	C:\WINDOWS\System32\SHELL32.dll
0x76fd0000 - 0x77554000 	C:\WINDOWS\System32\windows.storage.dll
0x74580000 - 0x745c5000 	C:\WINDOWS\System32\shlwapi.dll
0x74850000 - 0x74895000 	C:\WINDOWS\System32\powrprof.dll
0x74da0000 - 0x74db0000 	C:\WINDOWS\System32\profapi.dll
0x61940000 - 0x619b2000 	C:\Program Files (x86)\Arduino\lib\listSerialsj.dll
0x77560000 - 0x7797a000 	C:\WINDOWS\System32\SETUPAPI.dll
0x74f20000 - 0x75013000 	C:\WINDOWS\System32\ole32.dll
0x75930000 - 0x759b3000 	C:\WINDOWS\System32\clbcatq.dll
0x74310000 - 0x74323000 	C:\WINDOWS\SYSTEM32\CRYPTSP.dll
0x742e0000 - 0x7430f000 	C:\WINDOWS\system32\rsaenh.dll
0x742c0000 - 0x742d8000 	C:\WINDOWS\SYSTEM32\bcrypt.dll
0x74240000 - 0x74262000 	C:\WINDOWS\SYSTEM32\USERENV.dll
0x6c1a0000 - 0x6c1b6000 	C:\Program Files (x86)\Arduino\java\bin\net.dll
0x73ff0000 - 0x7403e000 	C:\WINDOWS\system32\mswsock.dll
0x74120000 - 0x7414f000 	C:\WINDOWS\SYSTEM32\IPHLPAPI.DLL
0x74450000 - 0x74457000 	C:\WINDOWS\System32\NSI.dll
0x74060000 - 0x74073000 	C:\WINDOWS\SYSTEM32\dhcpcsvc6.DLL
0x74040000 - 0x74054000 	C:\WINDOWS\SYSTEM32\dhcpcsvc.DLL
0x6c190000 - 0x6c19f000 	C:\Program Files (x86)\Arduino\java\bin\nio.dll
0x5b6a0000 - 0x5b6bd000 	C:\Users\philip\AppData\Local\Temp\jna--989220990\jna1139610939058199786.dll
0x6cbc0000 - 0x6cd06000 	C:\Program Files (x86)\Arduino\java\bin\awt.dll
0x5b5f0000 - 0x5b683000 	C:\WINDOWS\SYSTEM32\apphelp.dll
0x6c130000 - 0x6c169000 	C:\Program Files (x86)\Arduino\java\bin\fontmanager.dll
0x6c0f0000 - 0x6c122000 	C:\Program Files (x86)\Arduino\java\bin\t2k.dll
0x5e280000 - 0x5e2a2000 	C:\WINDOWS\SYSTEM32\DEVOBJ.dll
0x74530000 - 0x74574000 	C:\WINDOWS\System32\WINTRUST.dll
0x76f30000 - 0x76f3e000 	C:\WINDOWS\System32\MSASN1.dll
0x74b60000 - 0x74cdd000 	C:\WINDOWS\System32\CRYPT32.dll
0x74150000 - 0x741cf000 	C:\WINDOWS\SYSTEM32\DNSAPI.dll
0x71550000 - 0x71571000 	C:\Program Files (x86)\Bonjour\mdnsNSP.dll
0x71540000 - 0x71548000 	C:\Windows\System32\rasadhlp.dll
0x72170000 - 0x721ba000 	C:\WINDOWS\System32\fwpuclnt.dll
0x5b580000 - 0x5b5e9000 	C:\Program Files (x86)\Arduino\msvcp100.dll
0x77dd0000 - 0x77e8e000 	C:\Program Files (x86)\Arduino\msvcr100.dll
0x28ff0000 - 0x29022000 	C:\Program Files (x86)\Arduino\lib\AStylej.dll
0x6c0c0000 - 0x6c0e4000 	C:\Program Files (x86)\Arduino\java\bin\dcpr.dll
0x70f80000 - 0x710f2000 	C:\WINDOWS\SYSTEM32\WindowsCodecs.dll
0x6e480000 - 0x6e4c3000 	C:\WINDOWS\system32\dataexchange.dll
0x71ac0000 - 0x71d12000 	C:\WINDOWS\system32\d3d11.dll
0x6e390000 - 0x6e47b000 	C:\WINDOWS\system32\dcomp.dll
0x718d0000 - 0x7195a000 	C:\WINDOWS\system32\dxgi.dll
0x6e250000 - 0x6e386000 	C:\WINDOWS\system32\twinapi.appcore.dll
0x73850000 - 0x738de000 	C:\WINDOWS\WinSxS\x86_microsoft.windows.common-controls_6595b64144ccf1df_5.82.15063.0_none_8b4e86125c6fbfec\comctl32.dll
0x6c0a0000 - 0x6c0c0000 	C:\Program Files (x86)\Arduino\java\bin\sunec.dll
0x6c090000 - 0x6c099000 	C:\Program Files (x86)\Arduino\java\bin\sunmscapi.dll
0x74e30000 - 0x74f1f000 	C:\WINDOWS\System32\COMDLG32.dll
0x00c80000 - 0x00d00000 	C:\Program Files (x86)\Common Files\microsoft shared\ink\tiptsf.dll
0x5b520000 - 0x5b55c000 	C:\WINDOWS\SYSTEM32\edputil.dll
0x77bd0000 - 0x77c17000 	C:\Windows\System32\thumbcache.dll
0x713b0000 - 0x71514000 	C:\WINDOWS\system32\propsys.dll
0x504e0000 - 0x505a6000 	C:\WINDOWS\SYSTEM32\ntshrui.dll
0x5e680000 - 0x5e69c000 	C:\WINDOWS\SYSTEM32\srvcli.dll
0x50000000 - 0x5000f000 	C:\WINDOWS\SYSTEM32\cscapi.dll
0x287f0000 - 0x28879000 	C:\WINDOWS\System32\StructuredQuery.dll
0x2c7f0000 - 0x2c89c000 	C:\WINDOWS\system32\Windows.Storage.Search.dll
0x74370000 - 0x7437a000 	C:\WINDOWS\SYSTEM32\Secur32.dll
0x6d1d0000 - 0x6d5ce000 	C:\Windows\System32\Windows.StateRepository.dll
0x6d140000 - 0x6d1c7000 	C:\Windows\System32\StateRepository.Core.dll
0x2ce00000 - 0x2cfff000 	C:\Users\philip\AppData\Local\Microsoft\OneDrive\17.3.6816.0313\FileSyncShell.dll
0x6bef0000 - 0x6bf61000 	C:\Users\philip\AppData\Local\Microsoft\OneDrive\17.3.6816.0313\MSVCP120.dll
0x738e0000 - 0x73ba1000 	C:\WINDOWS\SYSTEM32\WININET.dll
0x6bf70000 - 0x6c05e000 	C:\Users\philip\AppData\Local\Microsoft\OneDrive\17.3.6816.0313\MSVCR120.dll
0x6b9a0000 - 0x6b9ef000 	C:\Users\philip\AppData\Local\Microsoft\OneDrive\17.3.6816.0313\Telemetry.dll
0x6c060000 - 0x6c078000 	C:\Users\philip\AppData\Local\Microsoft\OneDrive\17.3.6816.0313\LoggingPlatform.DLL
0x721c0000 - 0x721e0000 	C:\WINDOWS\SYSTEM32\Cabinet.dll
0x723b0000 - 0x7245d000 	C:\WINDOWS\SYSTEM32\WINHTTP.dll
0x6d990000 - 0x6d9a2000 	C:\WINDOWS\system32\mssprxy.dll
0x29740000 - 0x29864000 	C:\WINDOWS\system32\NetworkExplorer.dll
0x6ddd0000 - 0x6e048000 	C:\Windows\System32\OneCoreUAPCommonProxyStub.dll
0x2acb0000 - 0x2ad14000 	C:\WINDOWS\SYSTEM32\policymanager.dll
0x6e4d0000 - 0x6e536000 	C:\WINDOWS\SYSTEM32\msvcp110_win.dll
0x73580000 - 0x73596000 	C:\WINDOWS\SYSTEM32\MPR.dll
0x5b690000 - 0x5b699000 	C:\WINDOWS\System32\drprov.dll
0x74090000 - 0x740d2000 	C:\WINDOWS\System32\WINSTA.dll
0x50140000 - 0x50152000 	C:\WINDOWS\System32\ntlanman.dll
0x77db0000 - 0x77dca000 	C:\WINDOWS\System32\davclnt.dll
0x77ce0000 - 0x77cea000 	C:\WINDOWS\System32\DAVHLPR.dll
0x71530000 - 0x71540000 	C:\WINDOWS\System32\wkscli.dll
0x71520000 - 0x7152b000 	C:\WINDOWS\System32\netutils.dll
0x50040000 - 0x50080000 	C:\Windows\System32\dlnashext.dll
0x2b040000 - 0x2b096000 	C:\Windows\System32\PlayToDevice.dll
0x50020000 - 0x5003a000 	C:\Windows\System32\DevDispItemProvider.dll

VM Arguments:
jvm_args: -Dsun.java2d.d3d=false -Djna.nosys=true -DAPP_DIR=C:\Program Files (x86)\Arduino -Xms128M -Xmx512M 
java_command: processing.app.Base D:\Documents\rapidshark-master\firmware\mark_iv\rapidshark_mk_iv.ino
java_class_path (initial): C:\Program Files (x86)\Arduino\lib\apple.jar;C:\Program Files (x86)\Arduino\lib\arduino-core.jar;C:\Program Files (x86)\Arduino\lib\batik-1.8.jar;C:\Program Files (x86)\Arduino\lib\batik-anim-1.8.jar;C:\Program Files (x86)\Arduino\lib\batik-awt-util-1.8.jar;C:\Program Files (x86)\Arduino\lib\batik-bridge-1.8.jar;C:\Program Files (x86)\Arduino\lib\batik-codec-1.8.jar;C:\Program Files (x86)\Arduino\lib\batik-css-1.8.jar;C:\Program Files (x86)\Arduino\lib\batik-dom-1.8.jar;C:\Program Files (x86)\Arduino\lib\batik-ext-1.8.jar;C:\Program Files (x86)\Arduino\lib\batik-gvt-1.8.jar;C:\Program Files (x86)\Arduino\lib\batik-parser-1.8.jar;C:\Program Files (x86)\Arduino\lib\batik-rasterizer-1.8.jar;C:\Program Files (x86)\Arduino\lib\batik-script-1.8.jar;C:\Program Files (x86)\Arduino\lib\batik-squiggle-1.8.jar;C:\Program Files (x86)\Arduino\lib\batik-svg-dom-1.8.jar;C:\Program Files (x86)\Arduino\lib\batik-svgpp-1.8.jar;C:\Program Files (x86)\Arduino\lib\batik-transcoder-1.8.jar;C:\Program Files (x86)\Arduino\lib\batik-util-1.8.jar;C:\Program Files (x86)\Arduino\lib\batik-xml-1.8.jar;C:\Program Files (x86)\Arduino\lib\bcpg-jdk15on-152.jar;C:\Program Files (x86)\Arduino\lib\bcprov-jdk15on-152.jar;C:\Program Files (x86)\Arduino\lib\commons-codec-1.7.jar;C:\Program Files (x86)\Arduino\lib\commons-compress-1.8.jar;C:\Program Files (x86)\Arduino\lib\commons-exec-1.1.jar;C:\Program Files (x86)\Arduino\lib\commons-httpclient-3.1.jar;C:\Program Files (x86)\Arduino\lib\commons-lang3-3.3.2.jar;C:\Program Files (x86)\Arduino\lib\commons-logging-1.0.4.jar;C:\Program Files (x86)\Arduino\lib\commons-net-3.3.jar;C:\Program Files (x86)\Arduino\lib\jackson-annotations-2.6.3.jar;C:\Program Files (x86)\Arduino\lib\jackson-core-2.6.3.jar;C:\Program Files (x86)\Arduino\lib\jackson-databind-2.6.3.jar;C:\Program Files (x86)\Arduino\lib\jackson-module-mrbean-2.6.3.jar;C:\Program Files (x86)\Arduino\lib\java-semver-0.8.0.jar;C:\Program Files (x86)\Arduino\lib\jmdns-3.5.1.j
Launcher Type: SUN_STANDARD

Environment Variables:
PATH=C:\Program Files (x86)\NVIDIA Corporation\PhysX\Common;C:\ProgramData\Oracle\Java\javapath;C:\WINDOWS\system32;C:\WINDOWS;C:\WINDOWS\System32\Wbem;C:\WINDOWS\System32\WindowsPowerShell\v1.0\;C:\Program Files (x86)\ATI Technologies\ATI.ACE\Core-Static;C:\Program Files\Intel\WiFi\bin\;C:\Program Files\Common Files\Intel\WirelessCommon\;C:\Program Files (x86)\Common Files\Acronis\VirtualFile\;C:\Program Files (x86)\Common Files\Acronis\VirtualFile64\;C:\Program Files (x86)\Common Files\Acronis\SnapAPI\;C:\Program Files (x86)\Windows Kits\10\Windows Performance Toolkit\;C:\Program Files (x86)\Skype\Phone\;C:\Program Files\Git\cmd;C:\Program Files (x86)\Common Files\GTK\2.0\bin;C:\Users\philip\AppData\Local\Microsoft\WindowsApps;C:\Program Files\Docker Toolbox;C:\dev\4_8-2014q2-20140609\bin;C:\intelFPGA_lite\16.1\modelsim_ase\win32aloem;;C:\Program Files (x86)\Arduino\java\bin
USERNAME=philip
OS=Windows_NT
PROCESSOR_IDENTIFIER=Intel64 Family 6 Model 42 Stepping 7, GenuineIntel



---------------  S Y S T E M  ---------------

OS: Windows 10.0 , 64 bit Build 15063 (10.0.15063.296)

CPU:total 8 (4 cores per cpu, 2 threads per core) family 6 model 42 stepping 7, cmov, cx8, fxsr, mmx, sse, sse2, sse3, ssse3, sse4.1, sse4.2, popcnt, avx, aes, clmul, ht, tsc, tscinvbit

Memory: 4k page, physical 8335212k(2875756k free), swap 11375276k(2396960k free)

vm_info: Java HotSpot(TM) Client VM (25.111-b14) for windows-x86 JRE (1.8.0_111-b14), built on Sep 22 2016 18:54:33 by "java_re" with MS VC++ 10.0 (VS2010)

time: Sat May 13 12:06:22 2017
elapsed time: 4302 seconds (0d 1h 11m 42s)

