#
# A fatal error has been detected by the Java Runtime Environment:
#
#  EXCEPTION_ACCESS_VIOLATION (0xc0000005) at pc=0x70e821f4, pid=4960, tid=0x00003b34
#
# JRE version: Java(TM) SE Runtime Environment (8.0_111-b14) (build 1.8.0_111-b14)
# Java VM: Java HotSpot(TM) Client VM (25.111-b14 mixed mode windows-x86 )
# Problematic frame:
# C  [msvcr100.dll+0x121f4]
#
# Failed to write core dump. Minidumps are not enabled by default on client versions of Windows
#
# If you would like to submit a bug report, please visit:
#   http://bugreport.java.com/bugreport/crash.jsp
# The crash happened outside the Java Virtual Machine in native code.
# See problematic frame for where to report the bug.
#

---------------  T H R E A D  ---------------

Current thread (0x27a6a800):  JavaThread "Swing-Shell" daemon [_thread_in_native, id=15156, stack(0x00f40000,0x00f90000)]

siginfo: ExceptionCode=0xc0000005, reading address 0x00000000

Registers:
EAX=0x00000000, EBX=0x27163f30, ECX=0x14b6b299, EDX=0x00da69e8
ESP=0x00f8f6d0, EBP=0x00f8f6d0, ESI=0x00f8f6f0, EDI=0x27a6a940
EIP=0x70e821f4, EFLAGS=0x00010246

Top of Stack: (sp=0x00f8f6d0)
0x00f8f6d0:   00f8f7f8 6a809b11 00000000 27163f30
0x00f8f6e0:   6a80a2c8 00e26c40 27a6a800 27163f30
0x00f8f6f0:   00000000 00000000 16178dd4 27f4c418
0x00f8f700:   27a6a800 27a068a0 00000024 00000001
0x00f8f710:   00000000 00000000 00000000 00000000
0x00f8f720:   00000000 00f8f758 6a2f7383 27a6a800
0x00f8f730:   0aa436d8 27f4c418 27a6a800 27a068a0
0x00f8f740:   00f8f730 27dda2f0 00f8faec 6a5aef3a 

Instructions: (pc=0x70e821f4)
0x70e821d4:   48 f2 70 00 0f 84 bd 20 00 00 6a 00 ff 75 08 e8
0x70e821e4:   8a 22 00 00 59 59 5d c3 8b ff 55 8b ec 8b 45 08
0x70e821f4:   66 8b 08 83 c0 02 66 85 c9 75 f5 2b 45 08 d1 f8
0x70e82204:   48 5d c3 8b ff 55 8b ec 51 53 56 8b 75 08 f6 46 


Register to memory mapping:

EAX=0x00000000 is an unknown value
EBX={method} {0x27163f34} 'getDisplayNameOf' '(JJI)Ljava/lang/String;' in 'sun/awt/shell/Win32ShellFolder2'
ECX=0x14b6b299 is an unallocated location in the heap
EDX=0x00da69e8 is an unknown value
ESP=0x00f8f6d0 is pointing into the stack for thread: 0x27a6a800
EBP=0x00f8f6d0 is pointing into the stack for thread: 0x27a6a800
ESI=0x00f8f6f0 is pointing into the stack for thread: 0x27a6a800
EDI=0x27a6a940 is an unknown value


Stack: [0x00f40000,0x00f90000],  sp=0x00f8f6d0,  free space=317k
Native frames: (J=compiled Java code, j=interpreted, Vv=VM code, C=native code)
C  [msvcr100.dll+0x121f4]
C  [awt.dll+0x59b11]
j  sun.awt.shell.Win32ShellFolder2.getDisplayNameOf(JJI)Ljava/lang/String;+0
j  sun.awt.shell.Win32ShellFolder2.access$1600(JJI)Ljava/lang/String;+4
j  sun.awt.shell.Win32ShellFolder2$13.call()Ljava/lang/String;+15
j  sun.awt.shell.Win32ShellFolder2$13.call()Ljava/lang/Object;+1
j  java.util.concurrent.FutureTask.run()V+42
j  java.util.concurrent.ThreadPoolExecutor.runWorker(Ljava/util/concurrent/ThreadPoolExecutor$Worker;)V+95
j  java.util.concurrent.ThreadPoolExecutor$Worker.run()V+5
j  sun.awt.shell.Win32ShellFolderManager2$ComInvoker$3.run()V+7
j  java.lang.Thread.run()V+11
v  ~StubRoutines::call_stub
V  [jvm.dll+0x15a895]
V  [jvm.dll+0x220bfe]
V  [jvm.dll+0x15a92e]
V  [jvm.dll+0x15aab6]
V  [jvm.dll+0x15ab27]
V  [jvm.dll+0xfef8f]
V  [jvm.dll+0x17d6f0]
V  [jvm.dll+0x17df6a]
V  [jvm.dll+0x1c29c6]
C  [msvcr100.dll+0x5c556]
C  [msvcr100.dll+0x5c600]
C  [KERNEL32.DLL+0x18744]
C  [ntdll.dll+0x6587d]
C  [ntdll.dll+0x6584d]
C  0x00000000

Java frames: (J=compiled Java code, j=interpreted, Vv=VM code)
j  sun.awt.shell.Win32ShellFolder2.getDisplayNameOf(JJI)Ljava/lang/String;+0
j  sun.awt.shell.Win32ShellFolder2.access$1600(JJI)Ljava/lang/String;+4
j  sun.awt.shell.Win32ShellFolder2$13.call()Ljava/lang/String;+15
j  sun.awt.shell.Win32ShellFolder2$13.call()Ljava/lang/Object;+1
j  java.util.concurrent.FutureTask.run()V+42
j  java.util.concurrent.ThreadPoolExecutor.runWorker(Ljava/util/concurrent/ThreadPoolExecutor$Worker;)V+95
j  java.util.concurrent.ThreadPoolExecutor$Worker.run()V+5
j  sun.awt.shell.Win32ShellFolderManager2$ComInvoker$3.run()V+7
j  java.lang.Thread.run()V+11
v  ~StubRoutines::call_stub

---------------  P R O C E S S  ---------------

Java Threads: ( => current thread )
=>0x27a6a800 JavaThread "Swing-Shell" daemon [_thread_in_native, id=15156, stack(0x00f40000,0x00f90000)]
  0x27a70c00 JavaThread "Image Fetcher 0" daemon [_thread_blocked, id=16312, stack(0x00eb0000,0x00f00000)]
  0x27a6a000 JavaThread "DestroyJavaVM" [_thread_blocked, id=7580, stack(0x02b00000,0x02b50000)]
  0x27a70000 JavaThread "TimerQueue" daemon [_thread_blocked, id=5716, stack(0x29fd0000,0x2a020000)]
  0x27a6bc00 JavaThread "AWT-EventQueue-0" [_thread_blocked, id=4736, stack(0x29980000,0x299d0000)]
  0x27a6c800 JavaThread "AWT-Shutdown" [_thread_blocked, id=14864, stack(0x298f0000,0x29940000)]
  0x27a6f800 JavaThread "Batik CleanerThread" daemon [_thread_blocked, id=7532, stack(0x28a50000,0x28aa0000)]
  0x27a6ec00 JavaThread "Timer-0" [_thread_blocked, id=2576, stack(0x291b0000,0x29200000)]
  0x27a6f400 JavaThread "JmDNS(philip-HP.local.).State.Timer" daemon [_thread_blocked, id=7220, stack(0x29120000,0x29170000)]
  0x27a6d800 JavaThread "JmDNS(philip-HP.local.).Timer" daemon [_thread_blocked, id=852, stack(0x29090000,0x290e0000)]
  0x27a6c000 JavaThread "SocketListener(philip-HP.local.)" daemon [_thread_in_native, id=13204, stack(0x29000000,0x29050000)]
  0x27a70400 JavaThread "JmDNS(philip-HP.local.).State.Timer" daemon [_thread_blocked, id=8088, stack(0x28f70000,0x28fc0000)]
  0x27b39c00 JavaThread "JmDNS(philip-HP.local.).Timer" daemon [_thread_blocked, id=7236, stack(0x28ee0000,0x28f30000)]
  0x27b39800 JavaThread "SocketListener(philip-HP.local.)" daemon [_thread_in_native, id=3048, stack(0x28e50000,0x28ea0000)]
  0x27b3c800 JavaThread "JmDNS(philip-HP.local.).State.Timer" daemon [_thread_blocked, id=3528, stack(0x28dc0000,0x28e10000)]
  0x27b3a800 JavaThread "JmDNS(philip-HP.local.).Timer" daemon [_thread_blocked, id=3392, stack(0x28d30000,0x28d80000)]
  0x27b3c400 JavaThread "SocketListener(philip-HP.local.)" daemon [_thread_in_native, id=8552, stack(0x28ca0000,0x28cf0000)]
  0x27b3a400 JavaThread "JmDNS(philip-HP.local.).State.Timer" daemon [_thread_blocked, id=2320, stack(0x28c10000,0x28c60000)]
  0x27b39000 JavaThread "JmDNS(philip-HP.local.).Timer" daemon [_thread_blocked, id=3648, stack(0x28b80000,0x28bd0000)]
  0x27b3bc00 JavaThread "SocketListener(philip-HP.local.)" daemon [_thread_in_native, id=2368, stack(0x28af0000,0x28b40000)]
  0x27b3b800 JavaThread "JmDNS(philip-HP.local.).State.Timer" daemon [_thread_blocked, id=15504, stack(0x289c0000,0x28a10000)]
  0x27b3b000 JavaThread "JmDNS(philip-HP.local.).Timer" daemon [_thread_blocked, id=2588, stack(0x28930000,0x28980000)]
  0x27b1ec00 JavaThread "SocketListener(philip-HP.local.)" daemon [_thread_in_native, id=2596, stack(0x275c0000,0x27610000)]
  0x27b15800 JavaThread "JmDNS(philip-HP.local.).State.Timer" daemon [_thread_blocked, id=11900, stack(0x28810000,0x28860000)]
  0x27b15400 JavaThread "JmDNS(philip-HP.local.).Timer" daemon [_thread_blocked, id=2728, stack(0x28740000,0x28790000)]
  0x27afac00 JavaThread "SocketListener(philip-HP.local.)" daemon [_thread_in_native, id=11896, stack(0x286b0000,0x28700000)]
  0x27b20800 JavaThread "Multihomed mDNS.Timer" daemon [_thread_blocked, id=2352, stack(0x28510000,0x28560000)]
  0x27af9800 JavaThread "cc.arduino.packages.discoverers.serial.SerialBoardsLister" [_thread_blocked, id=8204, stack(0x26e40000,0x26e90000)]
  0x26a55000 JavaThread "AWT-Windows" daemon [_thread_in_native, id=8208, stack(0x26ed0000,0x26f20000)]
  0x26a53800 JavaThread "Java2D Disposer" daemon [_thread_blocked, id=10676, stack(0x02cd0000,0x02d20000)]
  0x26059400 JavaThread "Service Thread" daemon [_thread_blocked, id=7288, stack(0x266d0000,0x26720000)]
  0x26050800 JavaThread "C1 CompilerThread0" daemon [_thread_blocked, id=7324, stack(0x26640000,0x26690000)]
  0x2604f800 JavaThread "Attach Listener" daemon [_thread_blocked, id=3228, stack(0x265b0000,0x26600000)]
  0x2604d800 JavaThread "Signal Dispatcher" daemon [_thread_blocked, id=6384, stack(0x26520000,0x26570000)]
  0x2603ac00 JavaThread "Finalizer" daemon [_thread_blocked, id=6400, stack(0x26380000,0x263d0000)]
  0x26025000 JavaThread "Reference Handler" daemon [_thread_blocked, id=9440, stack(0x262f0000,0x26340000)]

Other Threads:
  0x029fd800 VMThread [stack: 0x26260000,0x262b0000] [id=1744]
  0x2607fc00 WatcherThread [stack: 0x26760000,0x267b0000] [id=11996]

VM state:not at safepoint (normal execution)

VM Mutex/Monitor currently owned by a thread: None

Heap:
 def new generation   total 39424K, used 1183K [0x05a00000, 0x084c0000, 0x104a0000)
  eden space 35072K,   3% used [0x05a00000, 0x05b27fe8, 0x07c40000)
  from space 4352K,   0% used [0x08080000, 0x08080000, 0x084c0000)
  to   space 4352K,   0% used [0x07c40000, 0x07c40000, 0x08080000)
 tenured generation   total 87424K, used 28203K [0x104a0000, 0x15a00000, 0x25a00000)
   the space 87424K,  32% used [0x104a0000, 0x1202ad98, 0x1202ae00, 0x15a00000)
 Metaspace       used 20197K, capacity 20726K, committed 20864K, reserved 20864K

Card table byte_map: [0x25a00000,0x25b10000] byte_map_base: 0x259d3000

Polling page: 0x01090000

CodeCache: size=32768Kb used=4464Kb max_used=4464Kb free=28303Kb
 bounds [0x03970000, 0x03dd0000, 0x05970000]
 total_blobs=2789 nmethods=2513 adapters=206
 compilation: enabled

Compilation events (10 events):
Event: 136.406 Thread 0x26050800 2541             java.util.concurrent.locks.AbstractQueuedSynchronizer$ConditionObject::doSignal (43 bytes)
Event: 136.407 Thread 0x26050800 nmethod 2541 0x03dcb488 code [0x03dcb590, 0x03dcb69c]
Event: 136.614 Thread 0x26050800 2542             java.util.concurrent.FutureTask::awaitDone (171 bytes)
Event: 136.614 Thread 0x26050800 nmethod 2542 0x03dcb788 code [0x03dcb8f0, 0x03dcbd74]
Event: 136.691 Thread 0x26050800 2543             java.util.concurrent.locks.AbstractQueuedSynchronizer$ConditionObject::signal (33 bytes)
Event: 136.691 Thread 0x26050800 nmethod 2543 0x03dcc048 code [0x03dcc160, 0x03dcc294]
Event: 136.770 Thread 0x26050800 2544             java.util.concurrent.ThreadPoolExecutor::workerCountOf (5 bytes)
Event: 136.770 Thread 0x26050800 nmethod 2544 0x03dcc348 code [0x03dcc440, 0x03dcc4b0]
Event: 136.783 Thread 0x26050800 2545   !         sun.awt.shell.Win32ShellFolder2::getIShellFolder (50 bytes)
Event: 136.783 Thread 0x26050800 nmethod 2545 0x03dcc508 code [0x03dcc610, 0x03dcc79c]

GC Heap History (10 events):
Event: 11.571 GC heap before
{Heap before GC invocations=2 (full 0):
 def new generation   total 39296K, used 16008K [0x05a00000, 0x084a0000, 0x104a0000)
  eden space 34944K,  33% used [0x05a00000, 0x065623f0, 0x07c20000)
  from space 4352K, 100% used [0x07c20000, 0x08060000, 0x08060000)
  to   space 4352K,   0% used [0x08060000, 0x08060000, 0x084a0000)
 tenured generation   total 87424K, used 10097K [0x104a0000, 0x15a00000, 0x25a00000)
   the space 87424K,  11% used [0x104a0000, 0x10e7c588, 0x10e7c600, 0x15a00000)
 Metaspace       used 11912K, capacity 12262K, committed 12288K, reserved 12672K
Event: 11.603 GC heap after
Heap after GC invocations=3 (full 1):
 def new generation   total 39424K, used 0K [0x05a00000, 0x084c0000, 0x104a0000)
  eden space 35072K,   0% used [0x05a00000, 0x05a00000, 0x07c40000)
  from space 4352K,   0% used [0x07c40000, 0x07c40000, 0x08080000)
  to   space 4352K,   0% used [0x08080000, 0x08080000, 0x084c0000)
 tenured generation   total 87424K, used 15291K [0x104a0000, 0x15a00000, 0x25a00000)
   the space 87424K,  17% used [0x104a0000, 0x1138eeb8, 0x1138f000, 0x15a00000)
 Metaspace       used 11912K, capacity 12262K, committed 12288K, reserved 12672K
}
Event: 15.686 GC heap before
{Heap before GC invocations=3 (full 1):
 def new generation   total 39424K, used 35072K [0x05a00000, 0x084c0000, 0x104a0000)
  eden space 35072K, 100% used [0x05a00000, 0x07c40000, 0x07c40000)
  from space 4352K,   0% used [0x07c40000, 0x07c40000, 0x08080000)
  to   space 4352K,   0% used [0x08080000, 0x08080000, 0x084c0000)
 tenured generation   total 87424K, used 15291K [0x104a0000, 0x15a00000, 0x25a00000)
   the space 87424K,  17% used [0x104a0000, 0x1138eeb8, 0x1138f000, 0x15a00000)
 Metaspace       used 15517K, capacity 15931K, committed 16000K, reserved 16768K
Event: 15.696 GC heap after
Heap after GC invocations=4 (full 1):
 def new generation   total 39424K, used 4352K [0x05a00000, 0x084c0000, 0x104a0000)
  eden space 35072K,   0% used [0x05a00000, 0x05a00000, 0x07c40000)
  from space 4352K, 100% used [0x08080000, 0x084c0000, 0x084c0000)
  to   space 4352K,   0% used [0x07c40000, 0x07c40000, 0x08080000)
 tenured generation   total 87424K, used 16084K [0x104a0000, 0x15a00000, 0x25a00000)
   the space 87424K,  18% used [0x104a0000, 0x114552b8, 0x11455400, 0x15a00000)
 Metaspace       used 15517K, capacity 15931K, committed 16000K, reserved 16768K
}
Event: 52.531 GC heap before
{Heap before GC invocations=4 (full 1):
 def new generation   total 39424K, used 39424K [0x05a00000, 0x084c0000, 0x104a0000)
  eden space 35072K, 100% used [0x05a00000, 0x07c40000, 0x07c40000)
  from space 4352K, 100% used [0x08080000, 0x084c0000, 0x084c0000)
  to   space 4352K,   0% used [0x07c40000, 0x07c40000, 0x08080000)
 tenured generation   total 87424K, used 16084K [0x104a0000, 0x15a00000, 0x25a00000)
   the space 87424K,  18% used [0x104a0000, 0x114552b8, 0x11455400, 0x15a00000)
 Metaspace       used 18141K, capacity 18621K, committed 18688K, reserved 18816K
Event: 52.555 GC heap after
Heap after GC invocations=5 (full 1):
 def new generation   total 39424K, used 4352K [0x05a00000, 0x084c0000, 0x104a0000)
  eden space 35072K,   0% used [0x05a00000, 0x05a00000, 0x07c40000)
  from space 4352K, 100% used [0x07c40000, 0x08080000, 0x08080000)
  to   space 4352K,   0% used [0x08080000, 0x08080000, 0x084c0000)
 tenured generation   total 87424K, used 24314K [0x104a0000, 0x15a00000, 0x25a00000)
   the space 87424K,  27% used [0x104a0000, 0x11c5e8b0, 0x11c5ea00, 0x15a00000)
 Metaspace       used 18141K, capacity 18621K, committed 18688K, reserved 18816K
}
Event: 97.615 GC heap before
{Heap before GC invocations=5 (full 1):
 def new generation   total 39424K, used 39424K [0x05a00000, 0x084c0000, 0x104a0000)
  eden space 35072K, 100% used [0x05a00000, 0x07c40000, 0x07c40000)
  from space 4352K, 100% used [0x07c40000, 0x08080000, 0x08080000)
  to   space 4352K,   0% used [0x08080000, 0x08080000, 0x084c0000)
 tenured generation   total 87424K, used 24314K [0x104a0000, 0x15a00000, 0x25a00000)
   the space 87424K,  27% used [0x104a0000, 0x11c5e8b0, 0x11c5ea00, 0x15a00000)
 Metaspace       used 19488K, capacity 20014K, committed 20096K, reserved 20864K
Event: 97.648 GC heap after
Heap after GC invocations=6 (full 1):
 def new generation   total 39424K, used 3281K [0x05a00000, 0x084c0000, 0x104a0000)
  eden space 35072K,   0% used [0x05a00000, 0x05a00000, 0x07c40000)
  from space 4352K,  75% used [0x08080000, 0x083b44a8, 0x084c0000)
  to   space 4352K,   0% used [0x07c40000, 0x07c40000, 0x08080000)
 tenured generation   total 87424K, used 27820K [0x104a0000, 0x15a00000, 0x25a00000)
   the space 87424K,  31% used [0x104a0000, 0x11fcb140, 0x11fcb200, 0x15a00000)
 Metaspace       used 19488K, capacity 20014K, committed 20096K, reserved 20864K
}
Event: 136.177 GC heap before
{Heap before GC invocations=6 (full 1):
 def new generation   total 39424K, used 14391K [0x05a00000, 0x084c0000, 0x104a0000)
  eden space 35072K,  31% used [0x05a00000, 0x064d9928, 0x07c40000)
  from space 4352K,  75% used [0x08080000, 0x083b44a8, 0x084c0000)
  to   space 4352K,   0% used [0x07c40000, 0x07c40000, 0x08080000)
 tenured generation   total 87424K, used 27820K [0x104a0000, 0x15a00000, 0x25a00000)
   the space 87424K,  31% used [0x104a0000, 0x11fcb140, 0x11fcb200, 0x15a00000)
 Metaspace       used 19926K, capacity 20433K, committed 20480K, reserved 20864K
Event: 136.229 GC heap after
Heap after GC invocations=7 (full 2):
 def new generation   total 39424K, used 0K [0x05a00000, 0x084c0000, 0x104a0000)
  eden space 35072K,   0% used [0x05a00000, 0x05a00000, 0x07c40000)
  from space 4352K,   0% used [0x08080000, 0x08080000, 0x084c0000)
  to   space 4352K,   0% used [0x07c40000, 0x07c40000, 0x08080000)
 tenured generation   total 87424K, used 28203K [0x104a0000, 0x15a00000, 0x25a00000)
   the space 87424K,  32% used [0x104a0000, 0x1202ad98, 0x1202ae00, 0x15a00000)
 Metaspace       used 19926K, capacity 20433K, committed 20480K, reserved 20864K
}

Deoptimization events (0 events):
No events

Internal exceptions (10 events):
Event: 112.481 Thread 0x27a6a800 Exception <a 'java/io/IOException'> (0x05ea6fb0) thrown at [C:\re\workspace\8-2-build-windows-i586-cygwin\jdk8u111\7883\hotspot\src\share\vm\prims\jni.cpp, line 709]
Event: 112.481 Thread 0x27a6a800 Exception <a 'java/io/IOException'> (0x05ea7338) thrown at [C:\re\workspace\8-2-build-windows-i586-cygwin\jdk8u111\7883\hotspot\src\share\vm\prims\jni.cpp, line 709]
Event: 112.481 Thread 0x27a6a800 Exception <a 'java/io/IOException'> (0x05ea7580) thrown at [C:\re\workspace\8-2-build-windows-i586-cygwin\jdk8u111\7883\hotspot\src\share\vm\prims\jni.cpp, line 709]
Event: 112.487 Thread 0x27a6bc00 Implicit null exception at 0x03dbdece to 0x03dbe0a7
Event: 112.596 Thread 0x27a6a800 Exception <a 'java/io/IOException'> (0x05ea7f08) thrown at [C:\re\workspace\8-2-build-windows-i586-cygwin\jdk8u111\7883\hotspot\src\share\vm\prims\jni.cpp, line 709]
Event: 112.597 Thread 0x27a6a800 Exception <a 'java/io/IOException'> (0x05ea82c8) thrown at [C:\re\workspace\8-2-build-windows-i586-cygwin\jdk8u111\7883\hotspot\src\share\vm\prims\jni.cpp, line 709]
Event: 112.597 Thread 0x27a6a800 Exception <a 'java/io/IOException'> (0x05ea8510) thrown at [C:\re\workspace\8-2-build-windows-i586-cygwin\jdk8u111\7883\hotspot\src\share\vm\prims\jni.cpp, line 709]
Event: 112.605 Thread 0x27a70c00 Exception <a 'java/io/IOException'> (0x05e8e630) thrown at [C:\re\workspace\8-2-build-windows-i586-cygwin\jdk8u111\7883\hotspot\src\share\vm\prims\jni.cpp, line 709]
Event: 112.605 Thread 0x27a70c00 Exception <a 'java/io/IOException'> (0x05e8e9a0) thrown at [C:\re\workspace\8-2-build-windows-i586-cygwin\jdk8u111\7883\hotspot\src\share\vm\prims\jni.cpp, line 709]
Event: 112.605 Thread 0x27a70c00 Exception <a 'java/io/IOException'> (0x05e8ebe8) thrown at [C:\re\workspace\8-2-build-windows-i586-cygwin\jdk8u111\7883\hotspot\src\share\vm\prims\jni.cpp, line 709]

Events (10 events):
Event: 136.380 loading class sun/awt/shell/Win32ShellFolder2$9
Event: 136.380 loading class sun/awt/shell/Win32ShellFolder2$9 done
Event: 136.380 loading class sun/awt/shell/Win32ShellFolder2$5
Event: 136.380 loading class sun/awt/shell/Win32ShellFolder2$5 done
Event: 136.500 loading class sun/awt/shell/Win32ShellFolder2$18
Event: 136.500 loading class sun/awt/shell/Win32ShellFolder2$18 done
Event: 136.500 loading class sun/awt/shell/Win32ShellFolder2$ColumnComparator$1
Event: 136.500 loading class sun/awt/shell/Win32ShellFolder2$ColumnComparator$1 done
Event: 136.502 loading class sun/awt/shell/Win32ShellFolder2$11
Event: 136.502 loading class sun/awt/shell/Win32ShellFolder2$11 done


Dynamic libraries:
0x00110000 - 0x00143000 	C:\Program Files (x86)\Arduino\java\bin\javaw.exe
0x77620000 - 0x777ae000 	C:\WINDOWS\SYSTEM32\ntdll.dll
0x770a0000 - 0x77170000 	C:\WINDOWS\System32\KERNEL32.DLL
0x76ab0000 - 0x76c72000 	C:\WINDOWS\System32\KERNELBASE.dll
0x74800000 - 0x74877000 	C:\WINDOWS\System32\ADVAPI32.dll
0x749d0000 - 0x74a8d000 	C:\WINDOWS\System32\msvcrt.dll
0x76a60000 - 0x76aa1000 	C:\WINDOWS\System32\sechost.dll
0x74910000 - 0x749d0000 	C:\WINDOWS\System32\RPCRT4.dll
0x740d0000 - 0x740f0000 	C:\WINDOWS\System32\SspiCli.dll
0x740c0000 - 0x740ca000 	C:\WINDOWS\System32\CRYPTBASE.dll
0x761c0000 - 0x76217000 	C:\WINDOWS\System32\bcryptPrimitives.dll
0x76f60000 - 0x7709c000 	C:\WINDOWS\System32\USER32.dll
0x763e0000 - 0x763f6000 	C:\WINDOWS\System32\win32u.dll
0x75ed0000 - 0x75ef1000 	C:\WINDOWS\System32\GDI32.dll
0x77350000 - 0x774a9000 	C:\WINDOWS\System32\gdi32full.dll
0x75e10000 - 0x75e89000 	C:\WINDOWS\System32\msvcp_win.dll
0x76270000 - 0x76388000 	C:\WINDOWS\System32\ucrtbase.dll
0x71f10000 - 0x7211e000 	C:\WINDOWS\WinSxS\x86_microsoft.windows.common-controls_6595b64144ccf1df_6.0.15063.0_none_583b8639f462029f\COMCTL32.dll
0x75f00000 - 0x76138000 	C:\WINDOWS\System32\combase.dll
0x76390000 - 0x763b5000 	C:\WINDOWS\System32\IMM32.DLL
0x70e70000 - 0x70f2f000 	C:\Program Files (x86)\Arduino\java\bin\msvcr100.dll
0x6a2f0000 - 0x6a6bd000 	C:\Program Files (x86)\Arduino\java\bin\client\jvm.dll
0x763c0000 - 0x763c6000 	C:\WINDOWS\System32\PSAPI.DLL
0x71ed0000 - 0x71ef4000 	C:\WINDOWS\SYSTEM32\WINMM.dll
0x74010000 - 0x74018000 	C:\WINDOWS\SYSTEM32\VERSION.dll
0x72170000 - 0x72178000 	C:\WINDOWS\SYSTEM32\WSOCK32.dll
0x771e0000 - 0x77247000 	C:\WINDOWS\System32\WS2_32.dll
0x718b0000 - 0x718d3000 	C:\WINDOWS\SYSTEM32\winmmbase.dll
0x75e90000 - 0x75ec9000 	C:\WINDOWS\System32\cfgmgr32.dll
0x70e30000 - 0x70e61000 	C:\Program Files (x86)\Arduino\java\bin\splashscreen.dll
0x712b0000 - 0x71328000 	C:\WINDOWS\system32\uxtheme.dll
0x70e20000 - 0x70e2c000 	C:\Program Files (x86)\Arduino\java\bin\verify.dll
0x70df0000 - 0x70e11000 	C:\Program Files (x86)\Arduino\java\bin\java.dll
0x76910000 - 0x76a56000 	C:\WINDOWS\System32\MSCTF.dll
0x76c80000 - 0x76d16000 	C:\WINDOWS\System32\OLEAUT32.dll
0x70dd0000 - 0x70de3000 	C:\Program Files (x86)\Arduino\java\bin\zip.dll
0x763d0000 - 0x763de000 	C:\WINDOWS\System32\kernel.appcore.dll
0x6ada0000 - 0x6ae07000 	C:\WINDOWS\System32\TextInputFramework.dll
0x6ab70000 - 0x6ad97000 	C:\WINDOWS\System32\CoreUIComponents.dll
0x6aae0000 - 0x6ab6f000 	C:\WINDOWS\System32\CoreMessaging.dll
0x74180000 - 0x7420c000 	C:\WINDOWS\System32\SHCORE.dll
0x73fd0000 - 0x73ff8000 	C:\WINDOWS\SYSTEM32\ntmarta.dll
0x6a9f0000 - 0x6aac1000 	C:\WINDOWS\SYSTEM32\wintypes.dll
0x6aad0000 - 0x6aae0000 	C:\WINDOWS\SYSTEM32\usermgrcli.dll
0x71260000 - 0x71283000 	C:\WINDOWS\system32\dwmapi.dll
0x74ab0000 - 0x75df8000 	C:\WINDOWS\System32\SHELL32.dll
0x74210000 - 0x74794000 	C:\WINDOWS\System32\windows.storage.dll
0x77190000 - 0x771d5000 	C:\WINDOWS\System32\shlwapi.dll
0x76d30000 - 0x76d75000 	C:\WINDOWS\System32\powrprof.dll
0x75e00000 - 0x75e10000 	C:\WINDOWS\System32\profapi.dll
0x77250000 - 0x77343000 	C:\WINDOWS\System32\ole32.dll
0x74880000 - 0x74903000 	C:\WINDOWS\System32\clbcatq.dll
0x61940000 - 0x619b2000 	C:\Program Files (x86)\Arduino\lib\listSerialsj.dll
0x76400000 - 0x7681a000 	C:\WINDOWS\System32\SETUPAPI.dll
0x73fb0000 - 0x73fc3000 	C:\WINDOWS\SYSTEM32\CRYPTSP.dll
0x73f80000 - 0x73faf000 	C:\WINDOWS\system32\rsaenh.dll
0x73f60000 - 0x73f78000 	C:\WINDOWS\SYSTEM32\bcrypt.dll
0x73ee0000 - 0x73f02000 	C:\WINDOWS\SYSTEM32\USERENV.dll
0x70db0000 - 0x70dc6000 	C:\Program Files (x86)\Arduino\java\bin\net.dll
0x73c90000 - 0x73cde000 	C:\WINDOWS\system32\mswsock.dll
0x73dc0000 - 0x73def000 	C:\WINDOWS\SYSTEM32\IPHLPAPI.DLL
0x77170000 - 0x77177000 	C:\WINDOWS\System32\NSI.dll
0x73d00000 - 0x73d13000 	C:\WINDOWS\SYSTEM32\dhcpcsvc6.DLL
0x73ce0000 - 0x73cf4000 	C:\WINDOWS\SYSTEM32\dhcpcsvc.DLL
0x70da0000 - 0x70daf000 	C:\Program Files (x86)\Arduino\java\bin\nio.dll
0x70d80000 - 0x70d9d000 	C:\Users\philip\AppData\Local\Temp\jna--989220990\jna6212852965134335106.dll
0x6a7b0000 - 0x6a8f6000 	C:\Program Files (x86)\Arduino\java\bin\awt.dll
0x6d7e0000 - 0x6d873000 	C:\WINDOWS\SYSTEM32\apphelp.dll
0x6aef0000 - 0x6af29000 	C:\Program Files (x86)\Arduino\java\bin\fontmanager.dll
0x6aeb0000 - 0x6aee2000 	C:\Program Files (x86)\Arduino\java\bin\t2k.dll
0x73df0000 - 0x73e6f000 	C:\WINDOWS\SYSTEM32\DNSAPI.dll
0x71170000 - 0x71191000 	C:\Program Files (x86)\Bonjour\mdnsNSP.dll
0x71130000 - 0x71138000 	C:\Windows\System32\rasadhlp.dll
0x72120000 - 0x7216a000 	C:\WINDOWS\System32\fwpuclnt.dll
0x6ae40000 - 0x6aea9000 	C:\Program Files (x86)\Arduino\msvcp100.dll
0x6a230000 - 0x6a2ee000 	C:\Program Files (x86)\Arduino\msvcr100.dll
0x29540000 - 0x29572000 	C:\Program Files (x86)\Arduino\lib\AStylej.dll
0x6ae10000 - 0x6ae34000 	C:\Program Files (x86)\Arduino\java\bin\dcpr.dll
0x705d0000 - 0x70742000 	C:\WINDOWS\SYSTEM32\WindowsCodecs.dll
0x6daf0000 - 0x6db33000 	C:\WINDOWS\system32\dataexchange.dll
0x71900000 - 0x71b52000 	C:\WINDOWS\system32\d3d11.dll
0x6da00000 - 0x6daeb000 	C:\WINDOWS\system32\dcomp.dll
0x71b60000 - 0x71bea000 	C:\WINDOWS\system32\dxgi.dll
0x6d8c0000 - 0x6d9f6000 	C:\WINDOWS\system32\twinapi.appcore.dll
0x698c0000 - 0x698e0000 	C:\Program Files (x86)\Arduino\java\bin\sunec.dll
0x6a780000 - 0x6a789000 	C:\Program Files (x86)\Arduino\java\bin\sunmscapi.dll
0x76de0000 - 0x76f5d000 	C:\WINDOWS\System32\CRYPT32.dll
0x77180000 - 0x7718e000 	C:\WINDOWS\System32\MSASN1.dll
0x73460000 - 0x734ee000 	C:\WINDOWS\WinSxS\x86_microsoft.windows.common-controls_6595b64144ccf1df_5.82.15063.0_none_8b4e86125c6fbfec\comctl32.dll
0x70fc0000 - 0x71124000 	C:\WINDOWS\system32\propsys.dll
0x69710000 - 0x69834000 	C:\WINDOWS\system32\NetworkExplorer.dll
0x69ee0000 - 0x6a158000 	C:\Windows\System32\OneCoreUAPCommonProxyStub.dll
0x69870000 - 0x698b7000 	C:\Windows\System32\thumbcache.dll
0x696a0000 - 0x69704000 	C:\WINDOWS\SYSTEM32\policymanager.dll
0x6db40000 - 0x6dba6000 	C:\WINDOWS\SYSTEM32\msvcp110_win.dll
0x73190000 - 0x731a6000 	C:\WINDOWS\SYSTEM32\MPR.dll
0x69690000 - 0x69699000 	C:\WINDOWS\System32\drprov.dll
0x73d30000 - 0x73d72000 	C:\WINDOWS\System32\WINSTA.dll
0x69670000 - 0x69682000 	C:\WINDOWS\System32\ntlanman.dll
0x69650000 - 0x6966a000 	C:\WINDOWS\System32\davclnt.dll
0x69640000 - 0x6964a000 	C:\WINDOWS\System32\DAVHLPR.dll
0x71150000 - 0x71160000 	C:\WINDOWS\System32\wkscli.dll
0x73b50000 - 0x73b5f000 	C:\WINDOWS\SYSTEM32\cscapi.dll
0x71140000 - 0x7114b000 	C:\WINDOWS\System32\netutils.dll
0x538a0000 - 0x538e0000 	C:\Windows\System32\dlnashext.dll
0x695e0000 - 0x69636000 	C:\Windows\System32\PlayToDevice.dll
0x53820000 - 0x5383a000 	C:\Windows\System32\DevDispItemProvider.dll
0x5f5f0000 - 0x5f64a000 	C:\WINDOWS\System32\MMDevApi.dll
0x5fda0000 - 0x5fdc2000 	C:\WINDOWS\System32\DEVOBJ.dll
0x53c70000 - 0x53e42000 	C:\WINDOWS\system32\wpdshext.dll
0x71480000 - 0x715e6000 	C:\WINDOWS\WinSxS\x86_microsoft.windows.gdiplus_6595b64144ccf1df_1.1.15063.0_none_d802f55807fa1ec7\gdiplus.dll
0x69550000 - 0x695d3000 	C:\Windows\System32\PortableDeviceApi.dll
0x76220000 - 0x76264000 	C:\WINDOWS\System32\WINTRUST.dll
0x69500000 - 0x69541000 	C:\WINDOWS\system32\audiodev.dll
0x692e0000 - 0x694f7000 	C:\WINDOWS\system32\WMVCore.DLL
0x538e0000 - 0x539e7000 	C:\WINDOWS\system32\mfperfhelper.dll
0x692a0000 - 0x692df000 	C:\WINDOWS\system32\WMASF.DLL
0x60e20000 - 0x60f85000 	C:\WINDOWS\SYSTEM32\MFPlat.DLL
0x60df0000 - 0x60e1a000 	C:\WINDOWS\SYSTEM32\RTWorkQ.DLL
0x6a6c0000 - 0x6a6cd000 	C:\WINDOWS\SYSTEM32\LINKINFO.dll
0x74000000 - 0x7400a000 	C:\WINDOWS\SYSTEM32\Secur32.dll
0x73300000 - 0x7345d000 	C:\WINDOWS\SYSTEM32\dbghelp.dll

VM Arguments:
jvm_args: -Dsun.java2d.d3d=false -Djna.nosys=true -DAPP_DIR=C:\Program Files (x86)\Arduino -Xms128M -Xmx512M 
java_command: processing.app.Base D:\Documents\Arduino\mark_iv\rapidshark_mk_iv\rapidshark_mk_iv.ino
java_class_path (initial): C:\Program Files (x86)\Arduino\lib\apple.jar;C:\Program Files (x86)\Arduino\lib\arduino-core.jar;C:\Program Files (x86)\Arduino\lib\batik-1.8.jar;C:\Program Files (x86)\Arduino\lib\batik-anim-1.8.jar;C:\Program Files (x86)\Arduino\lib\batik-awt-util-1.8.jar;C:\Program Files (x86)\Arduino\lib\batik-bridge-1.8.jar;C:\Program Files (x86)\Arduino\lib\batik-codec-1.8.jar;C:\Program Files (x86)\Arduino\lib\batik-css-1.8.jar;C:\Program Files (x86)\Arduino\lib\batik-dom-1.8.jar;C:\Program Files (x86)\Arduino\lib\batik-ext-1.8.jar;C:\Program Files (x86)\Arduino\lib\batik-gvt-1.8.jar;C:\Program Files (x86)\Arduino\lib\batik-parser-1.8.jar;C:\Program Files (x86)\Arduino\lib\batik-rasterizer-1.8.jar;C:\Program Files (x86)\Arduino\lib\batik-script-1.8.jar;C:\Program Files (x86)\Arduino\lib\batik-squiggle-1.8.jar;C:\Program Files (x86)\Arduino\lib\batik-svg-dom-1.8.jar;C:\Program Files (x86)\Arduino\lib\batik-svgpp-1.8.jar;C:\Program Files (x86)\Arduino\lib\batik-transcoder-1.8.jar;C:\Program Files (x86)\Arduino\lib\batik-util-1.8.jar;C:\Program Files (x86)\Arduino\lib\batik-xml-1.8.jar;C:\Program Files (x86)\Arduino\lib\bcpg-jdk15on-152.jar;C:\Program Files (x86)\Arduino\lib\bcprov-jdk15on-152.jar;C:\Program Files (x86)\Arduino\lib\commons-codec-1.7.jar;C:\Program Files (x86)\Arduino\lib\commons-compress-1.8.jar;C:\Program Files (x86)\Arduino\lib\commons-exec-1.1.jar;C:\Program Files (x86)\Arduino\lib\commons-httpclient-3.1.jar;C:\Program Files (x86)\Arduino\lib\commons-lang3-3.3.2.jar;C:\Program Files (x86)\Arduino\lib\commons-logging-1.0.4.jar;C:\Program Files (x86)\Arduino\lib\commons-net-3.3.jar;C:\Program Files (x86)\Arduino\lib\jackson-annotations-2.6.3.jar;C:\Program Files (x86)\Arduino\lib\jackson-core-2.6.3.jar;C:\Program Files (x86)\Arduino\lib\jackson-databind-2.6.3.jar;C:\Program Files (x86)\Arduino\lib\jackson-module-mrbean-2.6.3.jar;C:\Program Files (x86)\Arduino\lib\java-semver-0.8.0.jar;C:\Program Files (x86)\Arduino\lib\jmdns-3.5.1.j
Launcher Type: SUN_STANDARD

Environment Variables:
PATH=C:\Program Files (x86)\NVIDIA Corporation\PhysX\Common;C:\ProgramData\Oracle\Java\javapath;C:\WINDOWS\system32;C:\WINDOWS;C:\WINDOWS\System32\Wbem;C:\WINDOWS\System32\WindowsPowerShell\v1.0\;C:\Program Files (x86)\ATI Technologies\ATI.ACE\Core-Static;C:\Program Files\Intel\WiFi\bin\;C:\Program Files\Common Files\Intel\WirelessCommon\;C:\Program Files (x86)\Common Files\Acronis\VirtualFile\;C:\Program Files (x86)\Common Files\Acronis\VirtualFile64\;C:\Program Files (x86)\Common Files\Acronis\SnapAPI\;C:\Program Files (x86)\Windows Kits\10\Windows Performance Toolkit\;C:\Program Files (x86)\Skype\Phone\;C:\Program Files\Git\cmd;C:\Program Files (x86)\Common Files\GTK\2.0\bin;C:\Users\philip\AppData\Local\Microsoft\WindowsApps;C:\Program Files\Docker Toolbox;C:\dev\4_8-2014q2-20140609\bin;C:\intelFPGA_lite\16.1\modelsim_ase\win32aloem;;C:\Program Files (x86)\Arduino\java\bin
USERNAME=philip
OS=Windows_NT
PROCESSOR_IDENTIFIER=Intel64 Family 6 Model 42 Stepping 7, GenuineIntel



---------------  S Y S T E M  ---------------

OS: Windows 10.0 , 64 bit Build 15063 (10.0.15063.296)

CPU:total 8 (4 cores per cpu, 2 threads per core) family 6 model 42 stepping 7, cmov, cx8, fxsr, mmx, sse, sse2, sse3, ssse3, sse4.1, sse4.2, popcnt, avx, aes, clmul, ht, tsc, tscinvbit

Memory: 4k page, physical 8335212k(4651584k free), swap 16723820k(11999176k free)

vm_info: Java HotSpot(TM) Client VM (25.111-b14) for windows-x86 JRE (1.8.0_111-b14), built on Sep 22 2016 18:54:33 by "java_re" with MS VC++ 10.0 (VS2010)

time: Sat May 20 08:08:07 2017
elapsed time: 136 seconds (0d 0h 2m 16s)

